<?xml version="1.0" encoding="UTF-8"?>
<!-- Generated by org.testng.reporters.JUnitReportReporter -->
<testsuite hostname="SLTB155" failures="0" tests="1" name="PMS.PMSPhase1.Verify_header_in_rating_page" time="75.476" errors="0" timestamp="2023-07-12T14:30:44 IST" skipped="0">
  <testcase classname="PMS.PMSPhase1.Verify_header_in_rating_page" name="tc1" time="75.476"/>
  <system-out/>
</testsuite> <!-- PMS.PMSPhase1.Verify_header_in_rating_page -->
